[debug] [2023-08-01T05:11:40.436Z] ----------------------------------------------------------------------
[debug] [2023-08-01T05:11:40.439Z] Command:       /usr/bin/node /usr/bin/firebase login
[debug] [2023-08-01T05:11:40.440Z] CLI Version:   12.4.6
[debug] [2023-08-01T05:11:40.440Z] Platform:      linux
[debug] [2023-08-01T05:11:40.440Z] Node Version:  v20.5.0
[debug] [2023-08-01T05:11:40.440Z] Time:          Tue Aug 01 2023 10:41:40 GMT+0530 (India Standard Time)
[debug] [2023-08-01T05:11:40.440Z] ----------------------------------------------------------------------
[debug] 
[debug] [2023-08-01T05:11:40.443Z] >>> [apiv2][query] GET https://firebase-public.firebaseio.com/cli.json [none]
[info] i  Firebase optionally collects CLI and Emulator Suite usage and error reporting information to help improve our products. Data is collected in accordance with Google's privacy policy (https://policies.google.com/privacy) and is not used to identify you.
 
[debug] [2023-08-01T05:11:41.204Z] <<< [apiv2][status] GET https://firebase-public.firebaseio.com/cli.json 200
[debug] [2023-08-01T05:11:41.205Z] <<< [apiv2][body] GET https://firebase-public.firebaseio.com/cli.json {"cloudBuildErrorAfter":1594252800000,"cloudBuildWarnAfter":1590019200000,"defaultNode10After":1594252800000,"minVersion":"3.0.5","node8DeploysDisabledAfter":1613390400000,"node8RuntimeDisabledAfter":1615809600000,"node8WarnAfter":1600128000000}
[info] i  To change your data collection preference at any time, run `firebase logout` and log in again. 
[info] 
[info] Visit this URL on this device to log in:
[info] https://accounts.google.com/o/oauth2/auth?client_id=563584335869-fgrhgmd47bqnekij5i8b5pr03ho849e6.apps.googleusercontent.com&scope=email%20openid%20https%3A%2F%2Fwww.googleapis.com%2Fauth%2Fcloudplatformprojects.readonly%20https%3A%2F%2Fwww.googleapis.com%2Fauth%2Ffirebase%20https%3A%2F%2Fwww.googleapis.com%2Fauth%2Fcloud-platform&response_type=code&state=571769392&redirect_uri=http%3A%2F%2Flocalhost%3A9005
[info] 
[info] Waiting for authentication...
[debug] [2023-08-01T05:11:51.277Z] >>> [apiv2][query] POST https://accounts.google.com/o/oauth2/token [none]
[debug] [2023-08-01T05:11:51.277Z] >>> [apiv2][body] POST https://accounts.google.com/o/oauth2/token [omitted]
[debug] [2023-08-01T05:11:51.587Z] <<< [apiv2][status] POST https://accounts.google.com/o/oauth2/token 200
[debug] [2023-08-01T05:11:51.587Z] <<< [apiv2][body] POST https://accounts.google.com/o/oauth2/token [omitted]
[info] 
[info] ✔  Success! Logged in as dixitcoder@gmail.com 
[debug] [2023-08-01T05:11:57.043Z] Error: Timed out.
    at Timeout.<anonymous> (/usr/lib/node_modules/firebase-tools/lib/utils.js:254:49)
    at listOnTimeout (node:internal/timers:573:17)
    at process.processTimers (node:internal/timers:514:7)
[error] 
[error] Error: An unexpected error has occurred.
